プログラムを実行しました
ただいまログイン中です
ログイン情報を保存しました
「fushigibana2023」がログインが完了しました
投稿を読み込んでいます
https://www.instagram.com/p/CkctATXOUIG/
をいいねしました！
投稿を読み込んでいます
https://www.instagram.com/p/Ckii55rpUtS/
をいいねしました！
投稿を読み込んでいます
https://www.instagram.com/p/CkiL5yOJz4K/
をいいねしました！
プログラムが完了しました

プログラムを実行しました
ただいまログイン中です
ログイン情報を保存しました
「kamex_2023」がログインが完了しました
投稿を読み込んでいます
https://www.instagram.com/p/CkctATXOUIG/
をいいねしました！
投稿を読み込んでいます
ログイン情報を保存しました
「kamex_2023」がログインが完了しました
投稿を読み込んでいます
https://www.instagram.com/p/CkctATXOUIG/
をいいねしました！
投稿を読み込んでいます
https://www.instagram.com/p/Ckii55rpUtS/
をいいねしました！
投稿を読み込んでいます
https://www.instagram.com/p/CkiL5yOJz4K/
をいいねしました！
プログラムが完了しました

プログラムを実行しました
ただいまログイン中です
ログイン情報を保存しました
「lizardon2023」がログインが完了しました
投稿を読み込んでいます
https://www.instagram.com/p/CkctATXOUIG/
をいいねしました！
投稿を読み込んでいます
https://www.instagram.com/p/Ckii55rpUtS/
をいいねしました！
投稿を読み込んでいます
https://www.instagram.com/p/CkiL5yOJz4K/
をいいねしました！
プログラムが完了しました

プログラムを実行しました
ただいまログイン中です
ログイン情報を保存しました
「gengar20231」がログインが完了しました
投稿を読み込んでいます
https://www.instagram.com/p/CkctATXOUIG/
をいいねしました！
投稿を読み込んでいます
